Performing C++ SOURCE FILE Test HAS_WNO_gnu-anonymous-struct failed with the following output:
Change Dir: /mnt/c/Users/Willy/Documents/schoolwork/UT/EE 382N - High Speed Arithmetic/hsca_project/synthesis_tools/mockturtle/build/CMakeFiles/CMakeTmp

Run Build Command:"/usr/bin/make" "cmTC_3d83e/fast"
make[1]: Entering directory '/mnt/c/Users/Willy/Documents/schoolwork/UT/EE 382N - High Speed Arithmetic/hsca_project/synthesis_tools/mockturtle/build/CMakeFiles/CMakeTmp'
/usr/bin/make -f CMakeFiles/cmTC_3d83e.dir/build.make CMakeFiles/cmTC_3d83e.dir/build
make[2]: Entering directory '/mnt/c/Users/Willy/Documents/schoolwork/UT/EE 382N - High Speed Arithmetic/hsca_project/synthesis_tools/mockturtle/build/CMakeFiles/CMakeTmp'
Building CXX object CMakeFiles/cmTC_3d83e.dir/src.cxx.o
/usr/bin/g++-8    -DHAS_WNO_gnu-anonymous-struct   -Wno-gnu-anonymous-struct -std=gnu++17 -o CMakeFiles/cmTC_3d83e.dir/src.cxx.o -c "/mnt/c/Users/Willy/Documents/schoolwork/UT/EE 382N - High Speed Arithmetic/hsca_project/synthesis_tools/mockturtle/build/CMakeFiles/CMakeTmp/src.cxx"
<command-line>: warning: ISO C++11 requires whitespace after the macro name
cc1plus: warning: unrecognized command line option '-Wno-gnu-anonymous-struct'
Linking CXX executable cmTC_3d83e
/usr/local/bin/cmake -E cmake_link_script CMakeFiles/cmTC_3d83e.dir/link.txt --verbose=1
/usr/bin/g++-8   -DHAS_WNO_gnu-anonymous-struct    CMakeFiles/cmTC_3d83e.dir/src.cxx.o  -o cmTC_3d83e 
make[2]: Leaving directory '/mnt/c/Users/Willy/Documents/schoolwork/UT/EE 382N - High Speed Arithmetic/hsca_project/synthesis_tools/mockturtle/build/CMakeFiles/CMakeTmp'
make[1]: Leaving directory '/mnt/c/Users/Willy/Documents/schoolwork/UT/EE 382N - High Speed Arithmetic/hsca_project/synthesis_tools/mockturtle/build/CMakeFiles/CMakeTmp'

Source file was:
int main() { return 0; }
Performing C++ SOURCE FILE Test HAS_WNO_nested-anon-types failed with the following output:
Change Dir: /mnt/c/Users/Willy/Documents/schoolwork/UT/EE 382N - High Speed Arithmetic/hsca_project/synthesis_tools/mockturtle/build/CMakeFiles/CMakeTmp

Run Build Command:"/usr/bin/make" "cmTC_2e8f8/fast"
make[1]: Entering directory '/mnt/c/Users/Willy/Documents/schoolwork/UT/EE 382N - High Speed Arithmetic/hsca_project/synthesis_tools/mockturtle/build/CMakeFiles/CMakeTmp'
/usr/bin/make -f CMakeFiles/cmTC_2e8f8.dir/build.make CMakeFiles/cmTC_2e8f8.dir/build
make[2]: Entering directory '/mnt/c/Users/Willy/Documents/schoolwork/UT/EE 382N - High Speed Arithmetic/hsca_project/synthesis_tools/mockturtle/build/CMakeFiles/CMakeTmp'
Building CXX object CMakeFiles/cmTC_2e8f8.dir/src.cxx.o
/usr/bin/g++-8    -DHAS_WNO_nested-anon-types   -Wno-nested-anon-types -std=gnu++17 -o CMakeFiles/cmTC_2e8f8.dir/src.cxx.o -c "/mnt/c/Users/Willy/Documents/schoolwork/UT/EE 382N - High Speed Arithmetic/hsca_project/synthesis_tools/mockturtle/build/CMakeFiles/CMakeTmp/src.cxx"
<command-line>: warning: ISO C++11 requires whitespace after the macro name
cc1plus: warning: unrecognized command line option '-Wno-nested-anon-types'
Linking CXX executable cmTC_2e8f8
/usr/local/bin/cmake -E cmake_link_script CMakeFiles/cmTC_2e8f8.dir/link.txt --verbose=1
/usr/bin/g++-8   -DHAS_WNO_nested-anon-types    CMakeFiles/cmTC_2e8f8.dir/src.cxx.o  -o cmTC_2e8f8 
make[2]: Leaving directory '/mnt/c/Users/Willy/Documents/schoolwork/UT/EE 382N - High Speed Arithmetic/hsca_project/synthesis_tools/mockturtle/build/CMakeFiles/CMakeTmp'
make[1]: Leaving directory '/mnt/c/Users/Willy/Documents/schoolwork/UT/EE 382N - High Speed Arithmetic/hsca_project/synthesis_tools/mockturtle/build/CMakeFiles/CMakeTmp'

Source file was:
int main() { return 0; }
Determining if the pthread_create exist failed with the following output:
Change Dir: /mnt/c/Users/Willy/Documents/schoolwork/UT/EE 382N - High Speed Arithmetic/hsca_project/synthesis_tools/mockturtle/build/CMakeFiles/CMakeTmp

Run Build Command:"/usr/bin/make" "cmTC_3f9b0/fast"
make[1]: Entering directory '/mnt/c/Users/Willy/Documents/schoolwork/UT/EE 382N - High Speed Arithmetic/hsca_project/synthesis_tools/mockturtle/build/CMakeFiles/CMakeTmp'
/usr/bin/make -f CMakeFiles/cmTC_3f9b0.dir/build.make CMakeFiles/cmTC_3f9b0.dir/build
make[2]: Entering directory '/mnt/c/Users/Willy/Documents/schoolwork/UT/EE 382N - High Speed Arithmetic/hsca_project/synthesis_tools/mockturtle/build/CMakeFiles/CMakeTmp'
Building CXX object CMakeFiles/cmTC_3f9b0.dir/CheckSymbolExists.cxx.o
/usr/bin/g++-8    -std=gnu++17 -o CMakeFiles/cmTC_3f9b0.dir/CheckSymbolExists.cxx.o -c "/mnt/c/Users/Willy/Documents/schoolwork/UT/EE 382N - High Speed Arithmetic/hsca_project/synthesis_tools/mockturtle/build/CMakeFiles/CMakeTmp/CheckSymbolExists.cxx"
Linking CXX executable cmTC_3f9b0
/usr/local/bin/cmake -E cmake_link_script CMakeFiles/cmTC_3f9b0.dir/link.txt --verbose=1
/usr/bin/g++-8       CMakeFiles/cmTC_3f9b0.dir/CheckSymbolExists.cxx.o  -o cmTC_3f9b0 
CMakeFiles/cmTC_3f9b0.dir/CheckSymbolExists.cxx.o: In function `main':
CheckSymbolExists.cxx:(.text+0x16): undefined reference to `pthread_create'
collect2: error: ld returned 1 exit status
CMakeFiles/cmTC_3f9b0.dir/build.make:86: recipe for target 'cmTC_3f9b0' failed
make[2]: *** [cmTC_3f9b0] Error 1
make[2]: Leaving directory '/mnt/c/Users/Willy/Documents/schoolwork/UT/EE 382N - High Speed Arithmetic/hsca_project/synthesis_tools/mockturtle/build/CMakeFiles/CMakeTmp'
Makefile:121: recipe for target 'cmTC_3f9b0/fast' failed
make[1]: *** [cmTC_3f9b0/fast] Error 2
make[1]: Leaving directory '/mnt/c/Users/Willy/Documents/schoolwork/UT/EE 382N - High Speed Arithmetic/hsca_project/synthesis_tools/mockturtle/build/CMakeFiles/CMakeTmp'

File /mnt/c/Users/Willy/Documents/schoolwork/UT/EE 382N - High Speed Arithmetic/hsca_project/synthesis_tools/mockturtle/build/CMakeFiles/CMakeTmp/CheckSymbolExists.cxx:
/* */
#include <pthread.h>

int main(int argc, char** argv)
{
  (void)argv;
#ifndef pthread_create
  return ((int*)(&pthread_create))[argc];
#else
  (void)argc;
  return 0;
#endif
}

